2025-04-17 07:47:39,968 - __main__ - INFO - Successfully parsed document: /Users/kexuen/Desktop/service/worship_team/pros/全為祢的國度 (Ekey).docx
2025-04-17 07:47:39,972 - __main__ - INFO - Successfully saved JSON to: output.json
2025-04-17 07:47:39,972 - __main__ - INFO - 文档解析完成，JSON文件已保存至: output.json
2025-04-17 07:48:00,212 - __main__ - INFO - Successfully rebuilt document: rebuilt.docx
2025-04-17 07:48:00,212 - __main__ - INFO - 文档重建完成，已保存至: rebuilt.docx
2025-04-17 07:49:31,783 - __main__ - INFO - Successfully rebuilt document: rebuilt.docx
2025-04-17 07:49:31,783 - __main__ - INFO - 文档重建完成，已保存至: rebuilt.docx
2025-04-17 07:50:46,224 - __main__ - INFO - Successfully parsed document: /Users/kexuen/Desktop/service/worship_team/pros/全為祢的國度 (Ekey).docx
2025-04-17 07:50:46,228 - __main__ - INFO - Successfully saved JSON to: output.json
2025-04-17 07:50:46,228 - __main__ - INFO - 文档解析完成，JSON文件已保存至: output.json
2025-04-17 07:50:49,736 - __main__ - INFO - Successfully rebuilt document: rebuilt.docx
2025-04-17 07:50:49,736 - __main__ - INFO - 文档重建完成，已保存至: rebuilt.docx
2025-04-17 07:52:48,902 - __main__ - INFO - Successfully parsed document: /Users/kexuen/Desktop/service/worship_team/pros/全為祢的國度 (Ekey).docx
2025-04-17 07:52:48,905 - __main__ - INFO - Successfully saved JSON to: output.json
2025-04-17 07:52:48,905 - __main__ - INFO - 文档解析完成，JSON文件已保存至: output.json
2025-04-17 07:52:49,009 - __main__ - INFO - Successfully parsed document: /Users/kexuen/Desktop/service/worship_team/pros/全為祢的國度 (Ekey).docx
2025-04-17 07:52:49,013 - __main__ - INFO - Successfully saved JSON to: output.json
2025-04-17 07:52:49,013 - __main__ - INFO - 文档解析完成，JSON文件已保存至: output.json
2025-04-17 07:52:52,565 - __main__ - INFO - Successfully rebuilt document: rebuilt.docx
2025-04-17 07:52:52,565 - __main__ - INFO - 文档重建完成，已保存至: rebuilt.docx
2025-04-17 07:54:35,059 - __main__ - INFO - Successfully parsed document: /Users/kexuen/Desktop/service/worship_team/pros/全為祢的國度 (Ekey).docx
2025-04-17 07:54:35,064 - __main__ - INFO - Successfully saved JSON to: output.json
2025-04-17 07:54:35,064 - __main__ - INFO - 文档解析完成，JSON文件已保存至: output.json
2025-04-17 07:54:37,501 - __main__ - ERROR - Error rebuilding document: value must be in range -2147483648 to 2147483647 inclusive, got 30967680000
2025-04-17 07:54:37,502 - __main__ - ERROR - 处理过程中发生错误: value must be in range -2147483648 to 2147483647 inclusive, got 30967680000
2025-04-17 07:54:55,398 - __main__ - INFO - Successfully parsed document: /Users/kexuen/Desktop/service/worship_team/pros/全為祢的國度 (Ekey).docx
2025-04-17 07:54:55,403 - __main__ - INFO - Successfully saved JSON to: output.json
2025-04-17 07:54:55,403 - __main__ - INFO - 文档解析完成，JSON文件已保存至: output.json
2025-04-17 07:54:58,895 - __main__ - ERROR - Error rebuilding document: value must be in range -2147483648 to 2147483647 inclusive, got 30967680000
2025-04-17 07:54:58,895 - __main__ - ERROR - 处理过程中发生错误: value must be in range -2147483648 to 2147483647 inclusive, got 30967680000
2025-04-17 07:55:57,240 - __main__ - INFO - Successfully rebuilt document: rebuilt.docx
2025-04-17 07:55:57,240 - __main__ - INFO - 文档重建完成，已保存至: rebuilt.docx
2025-04-17 07:57:18,343 - __main__ - INFO - Successfully rebuilt document: rebuilt.docx
2025-04-17 07:57:18,343 - __main__ - INFO - 文档重建完成，已保存至: rebuilt.docx
2025-04-17 07:57:38,883 - __main__ - INFO - Successfully rebuilt document: rebuilt.docx
2025-04-17 07:57:38,883 - __main__ - INFO - 文档重建完成，已保存至: rebuilt.docx
2025-04-17 07:57:39,581 - __main__ - INFO - Successfully rebuilt document: rebuilt.docx
2025-04-17 07:57:39,581 - __main__ - INFO - 文档重建完成，已保存至: rebuilt.docx
2025-04-17 07:59:20,033 - __main__ - INFO - Successfully parsed document: /Users/kexuen/Desktop/service/worship_team/pros/全為祢的國度 (Ekey).docx
2025-04-17 07:59:20,039 - __main__ - INFO - Successfully saved JSON to: output.json
2025-04-17 07:59:20,039 - __main__ - INFO - 文档解析完成，JSON文件已保存至: output.json
2025-04-17 07:59:22,037 - __main__ - INFO - Successfully rebuilt document: rebuilt.docx
2025-04-17 07:59:22,037 - __main__ - INFO - 文档重建完成，已保存至: rebuilt.docx
2025-04-17 08:01:15,898 - __main__ - INFO - Successfully parsed document: /Users/kexuen/Desktop/service/worship_team/pros/全為祢的國度 (Ekey).docx
2025-04-17 08:01:15,903 - __main__ - INFO - Successfully saved JSON to: output.json
2025-04-17 08:01:15,904 - __main__ - INFO - 文档解析完成，JSON文件已保存至: output.json
2025-04-17 08:01:38,080 - __main__ - INFO - Successfully parsed document: /Users/kexuen/Desktop/service/worship_team/pros/全為祢的國度 (Ekey).docx
2025-04-17 08:01:38,085 - __main__ - INFO - Successfully saved JSON to: output.json
2025-04-17 08:01:38,085 - __main__ - INFO - 文档解析完成，JSON文件已保存至: output.json
2025-04-17 08:02:07,328 - __main__ - INFO - 正在将歌曲从 E 调转到 G
2025-04-17 08:02:07,421 - __main__ - INFO - Successfully rebuilt document: rebuilt.docx
2025-04-17 08:02:07,421 - __main__ - INFO - 文档重建完成，已保存至: rebuilt.docx
2025-04-17 19:53:55,869 - __main__ - INFO - Successfully parsed document: /Users/kexuen/Desktop/service/worship_team/pros/全為祢的國度 (Ekey).docx
2025-04-17 19:53:55,876 - __main__ - INFO - Successfully saved JSON to: output.json
2025-04-17 19:53:55,876 - __main__ - INFO - 文档解析完成，JSON文件已保存至: output.json
2025-04-17 19:53:58,239 - __main__ - INFO - 正在将歌曲从 E 调转到 G
2025-04-17 19:53:58,338 - __main__ - INFO - Successfully rebuilt document: rebuilt.docx
2025-04-17 19:53:58,338 - __main__ - INFO - 文档重建完成，已保存至: rebuilt.docx
2025-04-17 19:56:30,512 - __main__ - INFO - Successfully parsed document: /Users/kexuen/Desktop/service/worship_team/pros/全為祢的國度 (Ekey).docx
2025-04-17 19:56:30,518 - __main__ - INFO - Successfully saved JSON to: output.json
2025-04-17 19:56:30,518 - __main__ - INFO - 文档解析完成，JSON文件已保存至: output.json
2025-04-17 19:56:32,549 - __main__ - INFO - 正在将歌曲从 E 调转到 G
2025-04-17 19:56:32,654 - __main__ - INFO - Successfully rebuilt document: rebuilt.docx
2025-04-17 19:56:32,654 - __main__ - INFO - 文档重建完成，已保存至: rebuilt.docx
2025-04-17 20:07:09,183 - __main__ - INFO - Successfully parsed document: /Users/kexuen/Desktop/service/worship_team/pros/全為祢的國度 (Ekey).docx
2025-04-17 20:07:09,190 - __main__ - INFO - Successfully saved JSON to: output.json
2025-04-17 20:07:09,190 - __main__ - INFO - 文档解析完成，JSON文件已保存至: output.json
2025-04-17 20:07:11,086 - __main__ - INFO - 正在将歌曲从 E 调转到 G
2025-04-17 20:07:11,236 - __main__ - INFO - Successfully rebuilt document: rebuilt.docx
2025-04-17 20:07:11,236 - __main__ - INFO - 文档重建完成，已保存至: rebuilt.docx
2025-04-17 20:10:55,570 - __main__ - INFO - Successfully parsed document: /Users/kexuen/Desktop/service/worship_team/pros/全為祢的國度 (Ekey).docx
2025-04-17 20:10:55,576 - __main__ - INFO - Successfully saved JSON to: output.json
2025-04-17 20:10:55,576 - __main__ - INFO - 文档解析完成，JSON文件已保存至: output.json
2025-04-17 20:10:57,627 - __main__ - INFO - 正在将歌曲从 E 调转到 G
2025-04-17 20:10:57,747 - __main__ - INFO - Successfully rebuilt document: rebuilt.docx
2025-04-17 20:10:57,747 - __main__ - INFO - 文档重建完成，已保存至: rebuilt.docx
2025-04-17 20:15:59,690 - __main__ - INFO - Successfully parsed document: /Users/kexuen/Desktop/service/worship_team/pros/全為祢的國度 (Ekey).docx
2025-04-17 20:15:59,695 - __main__ - INFO - Successfully saved JSON to: output.json
2025-04-17 20:15:59,695 - __main__ - INFO - 文档解析完成，JSON文件已保存至: output.json
2025-04-17 20:16:01,029 - __main__ - INFO - 正在将歌曲从 E 调转到 G
2025-04-17 20:16:01,063 - __main__ - WARNING - Error applying vertical alignment: can't set attribute
2025-04-17 20:16:01,063 - __main__ - WARNING - Error applying vertical alignment: can't set attribute
2025-04-17 20:16:01,064 - __main__ - WARNING - Error applying vertical alignment: can't set attribute
2025-04-17 20:16:01,065 - __main__ - WARNING - Error applying vertical alignment: can't set attribute
2025-04-17 20:16:01,065 - __main__ - WARNING - Error applying vertical alignment: can't set attribute
2025-04-17 20:16:01,065 - __main__ - WARNING - Error applying vertical alignment: can't set attribute
2025-04-17 20:16:01,068 - __main__ - WARNING - Error applying vertical alignment: can't set attribute
2025-04-17 20:16:01,068 - __main__ - WARNING - Error applying vertical alignment: can't set attribute
2025-04-17 20:16:01,069 - __main__ - WARNING - Error applying vertical alignment: can't set attribute
2025-04-17 20:16:01,069 - __main__ - WARNING - Error applying vertical alignment: can't set attribute
2025-04-17 20:16:01,072 - __main__ - WARNING - Error applying vertical alignment: can't set attribute
2025-04-17 20:16:01,073 - __main__ - WARNING - Error applying vertical alignment: can't set attribute
2025-04-17 20:16:01,073 - __main__ - WARNING - Error applying vertical alignment: can't set attribute
2025-04-17 20:16:01,074 - __main__ - WARNING - Error applying vertical alignment: can't set attribute
2025-04-17 20:16:01,074 - __main__ - WARNING - Error applying vertical alignment: can't set attribute
2025-04-17 20:16:01,119 - __main__ - WARNING - Error applying vertical alignment: can't set attribute
2025-04-17 20:16:01,119 - __main__ - WARNING - Error applying vertical alignment: can't set attribute
2025-04-17 20:16:01,120 - __main__ - WARNING - Error applying vertical alignment: can't set attribute
2025-04-17 20:16:01,121 - __main__ - WARNING - Error applying vertical alignment: can't set attribute
2025-04-17 20:16:01,124 - __main__ - WARNING - Error applying vertical alignment: can't set attribute
2025-04-17 20:16:01,124 - __main__ - WARNING - Error applying vertical alignment: can't set attribute
2025-04-17 20:16:01,126 - __main__ - WARNING - Error applying vertical alignment: can't set attribute
2025-04-17 20:16:01,138 - __main__ - WARNING - Error applying vertical alignment: can't set attribute
2025-04-17 20:16:01,138 - __main__ - WARNING - Error applying vertical alignment: can't set attribute
2025-04-17 20:16:01,138 - __main__ - WARNING - Error applying vertical alignment: can't set attribute
2025-04-17 20:16:01,139 - __main__ - WARNING - Error applying vertical alignment: can't set attribute
2025-04-17 20:16:01,141 - __main__ - WARNING - Error applying vertical alignment: can't set attribute
2025-04-17 20:16:01,141 - __main__ - WARNING - Error applying vertical alignment: can't set attribute
2025-04-17 20:16:01,142 - __main__ - WARNING - Error applying vertical alignment: can't set attribute
2025-04-17 20:16:01,142 - __main__ - WARNING - Error applying vertical alignment: can't set attribute
2025-04-17 20:16:01,143 - __main__ - WARNING - Error applying vertical alignment: can't set attribute
2025-04-17 20:16:01,146 - __main__ - WARNING - Error applying vertical alignment: can't set attribute
2025-04-17 20:16:01,146 - __main__ - WARNING - Error applying vertical alignment: can't set attribute
2025-04-17 20:16:01,146 - __main__ - WARNING - Error applying vertical alignment: can't set attribute
2025-04-17 20:16:01,146 - __main__ - WARNING - Error applying vertical alignment: can't set attribute
2025-04-17 20:16:01,146 - __main__ - WARNING - Error applying vertical alignment: can't set attribute
2025-04-17 20:16:01,150 - __main__ - WARNING - Error applying vertical alignment: can't set attribute
2025-04-17 20:16:01,160 - __main__ - WARNING - Error applying vertical alignment: can't set attribute
2025-04-17 20:16:01,160 - __main__ - WARNING - Error applying vertical alignment: can't set attribute
2025-04-17 20:16:01,160 - __main__ - WARNING - Error applying vertical alignment: can't set attribute
2025-04-17 20:16:01,160 - __main__ - WARNING - Error applying vertical alignment: can't set attribute
2025-04-17 20:16:01,163 - __main__ - WARNING - Error applying vertical alignment: can't set attribute
2025-04-17 20:16:01,163 - __main__ - WARNING - Error applying vertical alignment: can't set attribute
2025-04-17 20:16:01,163 - __main__ - WARNING - Error applying vertical alignment: can't set attribute
2025-04-17 20:16:01,164 - __main__ - WARNING - Error applying vertical alignment: can't set attribute
2025-04-17 20:16:01,166 - __main__ - WARNING - Error applying vertical alignment: can't set attribute
2025-04-17 20:16:01,167 - __main__ - WARNING - Error applying vertical alignment: can't set attribute
2025-04-17 20:16:01,167 - __main__ - WARNING - Error applying vertical alignment: can't set attribute
2025-04-17 20:16:01,167 - __main__ - WARNING - Error applying vertical alignment: can't set attribute
2025-04-17 20:16:01,167 - __main__ - WARNING - Error applying vertical alignment: can't set attribute
2025-04-17 20:16:01,167 - __main__ - WARNING - Error applying vertical alignment: can't set attribute
2025-04-17 20:16:01,167 - __main__ - WARNING - Error applying vertical alignment: can't set attribute
2025-04-17 20:16:01,168 - __main__ - WARNING - Error applying vertical alignment: can't set attribute
2025-04-17 20:16:01,168 - __main__ - WARNING - Error applying vertical alignment: can't set attribute
2025-04-17 20:16:01,168 - __main__ - WARNING - Error applying vertical alignment: can't set attribute
2025-04-17 20:16:01,171 - __main__ - WARNING - Error applying vertical alignment: can't set attribute
2025-04-17 20:16:01,172 - __main__ - WARNING - Error applying vertical alignment: can't set attribute
2025-04-17 20:16:01,172 - __main__ - WARNING - Error applying vertical alignment: can't set attribute
2025-04-17 20:16:01,176 - __main__ - WARNING - Error applying vertical alignment: can't set attribute
2025-04-17 20:16:01,176 - __main__ - WARNING - Error applying vertical alignment: can't set attribute
2025-04-17 20:16:01,176 - __main__ - WARNING - Error applying vertical alignment: can't set attribute
2025-04-17 20:16:01,176 - __main__ - WARNING - Error applying vertical alignment: can't set attribute
2025-04-17 20:16:01,179 - __main__ - WARNING - Error applying vertical alignment: can't set attribute
2025-04-17 20:16:01,179 - __main__ - WARNING - Error applying vertical alignment: can't set attribute
2025-04-17 20:16:01,179 - __main__ - WARNING - Error applying vertical alignment: can't set attribute
2025-04-17 20:16:01,180 - __main__ - WARNING - Error applying vertical alignment: can't set attribute
2025-04-17 20:16:01,183 - __main__ - WARNING - Error applying vertical alignment: can't set attribute
2025-04-17 20:16:01,184 - __main__ - WARNING - Error applying vertical alignment: can't set attribute
2025-04-17 20:16:01,184 - __main__ - WARNING - Error applying vertical alignment: can't set attribute
2025-04-17 20:16:01,185 - __main__ - WARNING - Error applying vertical alignment: can't set attribute
2025-04-17 20:16:01,185 - __main__ - WARNING - Error applying vertical alignment: can't set attribute
2025-04-17 20:16:01,188 - __main__ - WARNING - Error applying vertical alignment: can't set attribute
2025-04-17 20:16:01,188 - __main__ - WARNING - Error applying vertical alignment: can't set attribute
2025-04-17 20:16:01,188 - __main__ - WARNING - Error applying vertical alignment: can't set attribute
2025-04-17 20:16:01,189 - __main__ - WARNING - Error applying vertical alignment: can't set attribute
2025-04-17 20:16:01,189 - __main__ - WARNING - Error applying vertical alignment: can't set attribute
2025-04-17 20:16:01,195 - __main__ - WARNING - Error applying vertical alignment: can't set attribute
2025-04-17 20:16:01,195 - __main__ - WARNING - Error applying vertical alignment: can't set attribute
2025-04-17 20:16:01,195 - __main__ - WARNING - Error applying vertical alignment: can't set attribute
2025-04-17 20:16:01,198 - __main__ - WARNING - Error applying vertical alignment: can't set attribute
2025-04-17 20:16:01,199 - __main__ - WARNING - Error applying vertical alignment: can't set attribute
2025-04-17 20:16:01,199 - __main__ - WARNING - Error applying vertical alignment: can't set attribute
2025-04-17 20:16:01,199 - __main__ - WARNING - Error applying vertical alignment: can't set attribute
2025-04-17 20:16:01,199 - __main__ - WARNING - Error applying vertical alignment: can't set attribute
2025-04-17 20:16:01,200 - __main__ - WARNING - Error applying vertical alignment: can't set attribute
2025-04-17 20:16:01,201 - __main__ - WARNING - Error applying vertical alignment: can't set attribute
2025-04-17 20:16:01,201 - __main__ - WARNING - Error applying vertical alignment: can't set attribute
2025-04-17 20:16:01,201 - __main__ - WARNING - Error applying vertical alignment: can't set attribute
2025-04-17 20:16:01,201 - __main__ - WARNING - Error applying vertical alignment: can't set attribute
2025-04-17 20:16:01,203 - __main__ - WARNING - Error applying vertical alignment: can't set attribute
2025-04-17 20:16:01,203 - __main__ - WARNING - Error applying vertical alignment: can't set attribute
2025-04-17 20:16:01,203 - __main__ - WARNING - Error applying vertical alignment: can't set attribute
2025-04-17 20:16:01,204 - __main__ - WARNING - Error applying vertical alignment: can't set attribute
2025-04-17 20:16:01,205 - __main__ - WARNING - Error applying vertical alignment: can't set attribute
2025-04-17 20:16:01,205 - __main__ - WARNING - Error applying vertical alignment: can't set attribute
2025-04-17 20:16:01,206 - __main__ - WARNING - Error applying vertical alignment: can't set attribute
2025-04-17 20:16:01,206 - __main__ - WARNING - Error applying vertical alignment: can't set attribute
2025-04-17 20:16:01,206 - __main__ - WARNING - Error applying vertical alignment: can't set attribute
2025-04-17 20:16:01,206 - __main__ - WARNING - Error applying vertical alignment: can't set attribute
2025-04-17 20:16:01,216 - __main__ - INFO - Successfully rebuilt document: rebuilt.docx
2025-04-17 20:16:01,216 - __main__ - INFO - 文档重建完成，已保存至: rebuilt.docx
2025-04-17 20:16:28,800 - __main__ - INFO - Successfully parsed document: /Users/kexuen/Desktop/service/worship_team/pros/全為祢的國度 (Ekey).docx
2025-04-17 20:16:28,805 - __main__ - INFO - Successfully saved JSON to: output.json
2025-04-17 20:16:28,805 - __main__ - INFO - 文档解析完成，JSON文件已保存至: output.json
2025-04-17 20:16:30,409 - __main__ - INFO - 正在将歌曲从 E 调转到 G
2025-04-17 20:16:30,530 - __main__ - INFO - Successfully rebuilt document: rebuilt.docx
2025-04-17 20:16:30,530 - __main__ - INFO - 文档重建完成，已保存至: rebuilt.docx
2025-04-17 20:20:33,906 - __main__ - INFO - Successfully parsed document: /Users/kexuen/Desktop/service/worship_team/pros/全為祢的國度 (Ekey).docx
2025-04-17 20:20:33,911 - __main__ - INFO - Successfully saved JSON to: output.json
2025-04-17 20:20:33,911 - __main__ - INFO - 文档解析完成，JSON文件已保存至: output.json
2025-04-17 20:20:53,363 - __main__ - INFO - 正在将歌曲从 E 调转到 G
2025-04-17 20:20:53,523 - __main__ - INFO - Successfully rebuilt document: rebuilt.docx
2025-04-17 20:20:53,523 - __main__ - INFO - 文档重建完成，已保存至: rebuilt.docx
2025-04-17 20:22:55,263 - __main__ - INFO - Successfully parsed document: /Users/kexuen/Desktop/service/worship_team/pros/全為祢的國度 (Ekey).docx
2025-04-17 20:22:55,268 - __main__ - INFO - Successfully saved JSON to: output.json
2025-04-17 20:22:55,268 - __main__ - INFO - 文档解析完成，JSON文件已保存至: output.json
2025-04-17 20:23:31,268 - __main__ - INFO - 正在将歌曲从 E 调转到 G
2025-04-17 20:23:31,385 - __main__ - INFO - Successfully rebuilt document: rebuilt.docx
2025-04-17 20:23:31,385 - __main__ - INFO - 文档重建完成，已保存至: rebuilt.docx
2025-04-17 20:26:20,300 - __main__ - INFO - Successfully parsed document: /Users/kexuen/Desktop/service/worship_team/pros/全為祢的國度 (Ekey).docx
2025-04-17 20:26:20,306 - __main__ - INFO - Successfully saved JSON to: output.json
2025-04-17 20:26:20,306 - __main__ - INFO - 文档解析完成，JSON文件已保存至: output.json
2025-04-17 20:26:24,981 - __main__ - INFO - 正在将歌曲从 E 调转到 G
2025-04-17 20:26:25,013 - __main__ - ERROR - Error rebuilding document: can't set attribute
2025-04-17 20:26:25,013 - __main__ - ERROR - 处理过程中发生错误: can't set attribute
2025-04-17 20:26:36,021 - __main__ - INFO - 正在将歌曲从 E 调转到 G
2025-04-17 20:26:36,050 - __main__ - ERROR - Error rebuilding document: can't set attribute
2025-04-17 20:26:36,050 - __main__ - ERROR - 处理过程中发生错误: can't set attribute
2025-04-17 20:28:17,785 - __main__ - INFO - Successfully parsed document: /Users/kexuen/Desktop/service/worship_team/pros/全為祢的國度 (Ekey).docx
2025-04-17 20:28:17,791 - __main__ - INFO - Successfully saved JSON to: output.json
2025-04-17 20:28:17,791 - __main__ - INFO - 文档解析完成，JSON文件已保存至: output.json
2025-04-17 20:28:21,816 - __main__ - INFO - 正在将歌曲从 E 调转到 G
2025-04-17 20:28:21,933 - __main__ - INFO - Successfully rebuilt document: rebuilt.docx
2025-04-17 20:28:21,933 - __main__ - INFO - 文档重建完成，已保存至: rebuilt.docx
2025-04-17 20:30:19,497 - __main__ - INFO - Successfully parsed document: /Users/kexuen/Desktop/service/worship_team/pros/全為祢的國度 (Ekey).docx
2025-04-17 20:30:19,503 - __main__ - INFO - Successfully saved JSON to: output.json
2025-04-17 20:30:19,503 - __main__ - INFO - 文档解析完成，JSON文件已保存至: output.json
2025-04-17 20:31:57,123 - __main__ - INFO - Successfully parsed document: /Users/kexuen/Desktop/service/worship_team/pros/全為祢的國度 (Ekey).docx
2025-04-17 20:31:57,129 - __main__ - INFO - Successfully saved JSON to: output.json
2025-04-17 20:31:57,129 - __main__ - INFO - 文档解析完成，JSON文件已保存至: output.json
2025-04-17 20:32:10,600 - __main__ - INFO - 正在将歌曲从 E 调转到 G
2025-04-17 20:32:10,721 - __main__ - INFO - Successfully rebuilt document: rebuilt.docx
2025-04-17 20:32:10,721 - __main__ - INFO - 文档重建完成，已保存至: rebuilt.docx
2025-04-17 20:36:18,113 - __main__ - INFO - 正在将歌曲从 E 调转到 G
2025-04-17 20:36:18,218 - __main__ - INFO - Successfully rebuilt document: rebuilt.docx
2025-04-17 20:36:18,218 - __main__ - INFO - 文档重建完成，已保存至: rebuilt.docx
2025-04-17 20:40:36,567 - __main__ - INFO - Successfully parsed document: /Users/kexuen/Desktop/service/worship_team/pros/全為祢的國度 (Ekey).docx
2025-04-17 20:40:36,574 - __main__ - INFO - Successfully saved JSON to: output.json
2025-04-17 20:40:36,574 - __main__ - INFO - 文档解析完成，JSON文件已保存至: output.json
2025-04-17 20:43:20,285 - __main__ - INFO - 正在将歌曲从 E 调转到 G
2025-04-17 20:43:20,452 - __main__ - INFO - Successfully rebuilt document: rebuilt.docx
2025-04-17 20:43:20,452 - __main__ - INFO - 文档重建完成，已保存至: rebuilt.docx
2025-04-17 20:43:22,701 - __main__ - INFO - Successfully parsed document: /Users/kexuen/Desktop/service/worship_team/pros/全為祢的國度 (Ekey).docx
2025-04-17 20:43:22,707 - __main__ - INFO - Successfully saved JSON to: output.json
2025-04-17 20:43:22,707 - __main__ - INFO - 文档解析完成，JSON文件已保存至: output.json
2025-04-17 20:43:48,270 - __main__ - INFO - 正在将歌曲从 E 调转到 G
2025-04-17 20:43:48,380 - __main__ - INFO - Successfully rebuilt document: rebuilt.docx
2025-04-17 20:43:48,380 - __main__ - INFO - 文档重建完成，已保存至: rebuilt.docx
2025-04-17 20:46:38,109 - __main__ - INFO - Successfully parsed document: /Users/kexuen/Desktop/service/worship_team/pros/全為祢的國度 (Ekey).docx
2025-04-17 20:46:38,116 - __main__ - INFO - Successfully saved JSON to: output.json
2025-04-17 20:46:38,116 - __main__ - INFO - 文档解析完成，JSON文件已保存至: output.json
2025-04-17 20:47:24,382 - __main__ - INFO - Successfully parsed document: /Users/kexuen/Desktop/service/worship_team/pros/全為祢的國度 (Ekey).docx
2025-04-17 20:47:24,388 - __main__ - INFO - Successfully saved JSON to: output.json
2025-04-17 20:47:24,388 - __main__ - INFO - 文档解析完成，JSON文件已保存至: output.json
2025-04-17 20:47:26,346 - __main__ - INFO - 正在将歌曲从 E 调转到 G
2025-04-17 20:47:26,466 - __main__ - INFO - Successfully rebuilt document: rebuilt.docx
2025-04-17 20:47:26,466 - __main__ - INFO - 文档重建完成，已保存至: rebuilt.docx
2025-04-17 23:00:45,830 - __main__ - INFO - Successfully parsed document: /Users/kexuen/Desktop/service/worship_team/pros/全為祢的國度 (Ekey).docx
2025-04-17 23:00:45,837 - __main__ - INFO - Successfully saved JSON to: output.json
2025-04-17 23:00:45,837 - __main__ - INFO - 文档解析完成，JSON文件已保存至: output.json
2025-04-17 23:01:38,926 - __main__ - INFO - Successfully parsed document: /Users/kexuen/Desktop/service/worship_team/pros/全為祢的國度 (Ekey).docx
2025-04-17 23:01:38,932 - __main__ - INFO - Successfully saved JSON to: output.json
2025-04-17 23:01:38,932 - __main__ - INFO - 文档解析完成，JSON文件已保存至: output.json
2025-04-17 23:02:15,855 - __main__ - INFO - Successfully parsed document: /Users/kexuen/Desktop/service/worship_team/pros/全為祢的國度 (Ekey).docx
2025-04-17 23:02:15,861 - __main__ - INFO - Successfully saved JSON to: output.json
2025-04-17 23:02:15,861 - __main__ - INFO - 文档解析完成，JSON文件已保存至: output.json
2025-04-17 23:03:45,411 - __main__ - INFO - Successfully parsed document: /Users/kexuen/Desktop/service/worship_team/pros/全為祢的國度 (Ekey).docx
2025-04-17 23:03:45,417 - __main__ - INFO - Successfully saved JSON to: output.json
2025-04-17 23:03:45,417 - __main__ - INFO - 文档解析完成，JSON文件已保存至: output.json
2025-04-17 23:04:42,668 - __main__ - INFO - Successfully parsed document: /Users/kexuen/Desktop/service/worship_team/pros/全為祢的國度 (Ekey).docx
2025-04-17 23:04:42,674 - __main__ - INFO - Successfully saved JSON to: output.json
2025-04-17 23:04:42,674 - __main__ - INFO - 文档解析完成，JSON文件已保存至: output.json
2025-04-17 23:05:35,967 - __main__ - INFO - Successfully parsed document: /Users/kexuen/Desktop/service/worship_team/pros/全為祢的國度 (Ekey).docx
2025-04-17 23:05:35,973 - __main__ - INFO - Successfully saved JSON to: output.json
2025-04-17 23:05:35,973 - __main__ - INFO - 文档解析完成，JSON文件已保存至: output.json
2025-04-17 23:06:19,670 - __main__ - INFO - Successfully parsed document: /Users/kexuen/Desktop/service/worship_team/pros/全為祢的國度 (Ekey).docx
2025-04-17 23:06:19,676 - __main__ - INFO - Successfully saved JSON to: output.json
2025-04-17 23:06:19,676 - __main__ - INFO - 文档解析完成，JSON文件已保存至: output.json
2025-04-17 23:07:29,147 - __main__ - INFO - Successfully parsed document: /Users/kexuen/Desktop/service/worship_team/pros/全為祢的國度 (Ekey).docx
2025-04-17 23:07:29,153 - __main__ - INFO - Successfully saved JSON to: output.json
2025-04-17 23:07:29,153 - __main__ - INFO - 文档解析完成，JSON文件已保存至: output.json
2025-04-17 23:09:17,649 - __main__ - INFO - Successfully parsed document: /Users/kexuen/Desktop/service/worship_team/pros/全為祢的國度 (Ekey).docx
2025-04-17 23:09:17,655 - __main__ - INFO - Successfully saved JSON to: output.json
2025-04-17 23:09:17,655 - __main__ - INFO - 文档解析完成，JSON文件已保存至: output.json
2025-04-17 23:09:53,556 - __main__ - INFO - Successfully parsed document: /Users/kexuen/Desktop/service/worship_team/pros/全為祢的國度 (Ekey).docx
2025-04-17 23:09:53,562 - __main__ - INFO - Successfully saved JSON to: output.json
2025-04-17 23:09:53,562 - __main__ - INFO - 文档解析完成，JSON文件已保存至: output.json
2025-04-17 23:10:50,946 - __main__ - INFO - Successfully parsed document: /Users/kexuen/Desktop/service/worship_team/pros/全為祢的國度 (Ekey).docx
2025-04-17 23:10:50,951 - __main__ - INFO - Successfully saved JSON to: output.json
2025-04-17 23:10:50,951 - __main__ - INFO - 文档解析完成，JSON文件已保存至: output.json
2025-04-17 23:11:04,853 - __main__ - INFO - Successfully parsed document: /Users/kexuen/Desktop/service/worship_team/pros/全為祢的國度 (Ekey).docx
2025-04-17 23:11:04,858 - __main__ - INFO - Successfully saved JSON to: output.json
2025-04-17 23:11:04,858 - __main__ - INFO - 文档解析完成，JSON文件已保存至: output.json
2025-04-17 23:15:31,258 - __main__ - INFO - Successfully parsed document: /Users/kexuen/Desktop/service/worship_team/pros/全為祢的國度 (Ekey).docx
2025-04-17 23:15:31,264 - __main__ - INFO - Successfully saved JSON to: output.json
2025-04-17 23:15:31,264 - __main__ - INFO - 文档解析完成，JSON文件已保存至: output.json
2025-04-17 23:16:13,581 - __main__ - INFO - Successfully rebuilt document: rebuilt.docx
2025-04-17 23:16:13,581 - __main__ - INFO - 文档重建完成，已保存至: rebuilt.docx
2025-04-17 23:18:57,659 - __main__ - INFO - Successfully parsed document: /Users/kexuen/Desktop/service/worship_team/pros/全為祢的國度 (Ekey).docx
2025-04-17 23:18:57,665 - __main__ - INFO - Successfully saved JSON to: output.json
2025-04-17 23:18:57,665 - __main__ - INFO - 文档解析完成，JSON文件已保存至: output.json
2025-04-17 23:19:08,940 - __main__ - INFO - Successfully rebuilt document: rebuilt.docx
2025-04-17 23:19:08,940 - __main__ - INFO - 文档重建完成，已保存至: rebuilt.docx
2025-04-17 23:21:14,277 - __main__ - INFO - Successfully parsed document: /Users/kexuen/Desktop/service/worship_team/pros/全為祢的國度 (Ekey).docx
2025-04-17 23:21:14,283 - __main__ - INFO - Successfully saved JSON to: output.json
2025-04-17 23:21:14,283 - __main__ - INFO - 文档解析完成，JSON文件已保存至: output.json
2025-04-17 23:21:23,085 - __main__ - ERROR - Error loading JSON: [Errno 2] No such file or directory: 'input.docx'
2025-04-17 23:21:23,085 - __main__ - ERROR - 处理过程中发生错误: [Errno 2] No such file or directory: 'input.docx'
2025-04-17 23:21:50,722 - __main__ - INFO - 正在将歌曲从 E 调转到 G
2025-04-17 23:21:50,869 - __main__ - INFO - Successfully rebuilt document: rebuilt.docx
2025-04-17 23:21:50,869 - __main__ - INFO - 文档重建完成，已保存至: rebuilt.docx
2025-04-17 23:27:07,031 - __main__ - ERROR - Error parsing document: name 'qn' is not defined
2025-04-17 23:27:07,031 - __main__ - ERROR - 处理过程中发生错误: name 'qn' is not defined
2025-04-17 23:30:16,363 - __main__ - INFO - Successfully parsed document: /Users/kexuen/Desktop/service/worship_team/pros/全為祢的國度 (Ekey).docx
2025-04-17 23:30:16,370 - __main__ - INFO - Successfully saved JSON to: output.json
2025-04-17 23:30:16,370 - __main__ - INFO - 文档解析完成，JSON文件已保存至: output.json
2025-04-17 23:30:21,391 - __main__ - INFO - 正在将歌曲从 E 调转到 G
2025-04-17 23:30:21,497 - __main__ - INFO - Successfully rebuilt document: rebuilt.docx
2025-04-17 23:30:21,497 - __main__ - INFO - 文档重建完成，已保存至: rebuilt.docx
2025-04-18 00:00:16,591 - __main__ - INFO - 正在将歌曲从 E 调转到 G
2025-04-18 00:00:16,750 - __main__ - INFO - Successfully rebuilt document: rebuilt.docx
2025-04-18 00:00:16,750 - __main__ - INFO - 文档重建完成，已保存至: rebuilt.docx
2025-04-18 00:08:27,702 - __main__ - INFO - Successfully parsed document: /Users/kexuen/Desktop/service/worship_team/pros/全為祢的國度 (Ekey).docx
2025-04-18 00:08:27,711 - __main__ - INFO - Successfully saved JSON to: output.json
2025-04-18 00:08:27,711 - __main__ - INFO - 文档解析完成，JSON文件已保存至: output.json
2025-04-18 00:08:29,791 - __main__ - INFO - 正在将歌曲从 E 调转到 G
2025-04-18 00:08:29,817 - __main__ - ERROR - Error rebuilding document: attributes construct error, line 1, column 27 (<string>, line 1)
2025-04-18 00:08:29,817 - __main__ - ERROR - 处理过程中发生错误: attributes construct error, line 1, column 27 (<string>, line 1)
2025-04-18 00:11:11,197 - __main__ - INFO - 正在将歌曲从 E 调转到 G
2025-04-18 00:11:11,302 - __main__ - INFO - Successfully rebuilt document: rebuilt.docx
2025-04-18 00:11:11,302 - __main__ - INFO - 文档重建完成，已保存至: rebuilt.docx
2025-04-18 00:13:37,851 - __main__ - INFO - Successfully parsed document: /Users/kexuen/Desktop/service/worship_team/pros/全為祢的國度 (Ekey).docx
2025-04-18 00:13:37,859 - __main__ - INFO - Successfully saved JSON to: output.json
2025-04-18 00:13:37,859 - __main__ - INFO - 文档解析完成，JSON文件已保存至: output.json
2025-04-18 00:19:21,188 - __main__ - INFO - Successfully parsed document: /Users/kexuen/Desktop/service/worship_team/pros/全為祢的國度 (Ekey).docx
2025-04-18 00:19:21,196 - __main__ - INFO - Successfully saved JSON to: output.json
2025-04-18 00:19:21,196 - __main__ - INFO - 文档解析完成，JSON文件已保存至: output.json
2025-04-18 00:19:24,724 - __main__ - INFO - 正在将歌曲从 E 调转到 G
2025-04-18 00:19:24,753 - __main__ - ERROR - Error rebuilding document: 'CT_R' object has no attribute 'add_break'
2025-04-18 00:19:24,754 - __main__ - ERROR - 处理过程中发生错误: 'CT_R' object has no attribute 'add_break'
2025-04-18 00:22:07,305 - __main__ - INFO - Successfully parsed document: /Users/kexuen/Desktop/service/worship_team/pros/全為祢的國度 (Ekey).docx
2025-04-18 00:22:07,313 - __main__ - INFO - Successfully saved JSON to: output.json
2025-04-18 00:22:07,313 - __main__ - INFO - 文档解析完成，JSON文件已保存至: output.json
2025-04-18 00:22:09,233 - __main__ - INFO - 正在将歌曲从 E 调转到 G
2025-04-18 00:22:09,343 - __main__ - INFO - Successfully rebuilt document: rebuilt.docx
2025-04-18 00:22:09,343 - __main__ - INFO - 文档重建完成，已保存至: rebuilt.docx
2025-04-18 00:32:01,449 - __main__ - INFO - Successfully parsed document: /Users/kexuen/Desktop/service/worship_team/pros/全為祢的國度 (Ekey).docx
2025-04-18 00:32:01,457 - __main__ - INFO - Successfully saved JSON to: output.json
2025-04-18 00:32:01,457 - __main__ - INFO - 文档解析完成，JSON文件已保存至: output.json
2025-04-18 00:32:03,434 - __main__ - INFO - 正在将歌曲从 E 调转到 G
2025-04-18 00:32:03,539 - __main__ - INFO - Successfully rebuilt document: rebuilt.docx
2025-04-18 00:32:03,539 - __main__ - INFO - 文档重建完成，已保存至: rebuilt.docx
2025-04-18 00:32:23,230 - __main__ - INFO - 正在将歌曲从 E 调转到 G
2025-04-18 00:32:23,335 - __main__ - INFO - Successfully rebuilt document: rebuilt.docx
2025-04-18 00:32:23,335 - __main__ - INFO - 文档重建完成，已保存至: rebuilt.docx
2025-04-18 00:37:49,976 - __main__ - INFO - Successfully parsed document: /Users/kexuen/Desktop/service/worship_team/pros/全為祢的國度 (Ekey).docx
2025-04-18 00:37:49,983 - __main__ - INFO - Successfully saved JSON to: output.json
2025-04-18 00:37:49,983 - __main__ - INFO - 文档解析完成，JSON文件已保存至: output.json
2025-04-18 00:37:51,520 - __main__ - INFO - 正在将歌曲从 E 调转到 G
2025-04-18 00:37:51,546 - __main__ - ERROR - Error rebuilding document: 'CT_SectPr' object has no attribute 'get_or_add_cols'
2025-04-18 00:37:51,546 - __main__ - ERROR - 处理过程中发生错误: 'CT_SectPr' object has no attribute 'get_or_add_cols'
2025-04-18 00:45:20,774 - __main__ - INFO - Successfully parsed document: /Users/kexuen/Desktop/service/worship_team/pros/全為祢的國度 (Ekey).docx
2025-04-18 00:45:20,782 - __main__ - INFO - Successfully saved JSON to: output.json
2025-04-18 00:45:20,782 - __main__ - INFO - 文档解析完成，JSON文件已保存至: output.json
2025-04-18 00:45:22,228 - __main__ - INFO - 正在将歌曲从 E 调转到 G
2025-04-18 00:45:22,334 - __main__ - INFO - Successfully rebuilt document: rebuilt.docx
2025-04-18 00:45:22,334 - __main__ - INFO - 文档重建完成，已保存至: rebuilt.docx
2025-04-18 00:47:53,098 - __main__ - INFO - 正在将歌曲从 E 调转到 G
2025-04-18 00:47:53,202 - __main__ - INFO - Successfully rebuilt document: rebuilt.docx
2025-04-18 00:47:53,203 - __main__ - INFO - 文档重建完成，已保存至: rebuilt.docx
2025-04-18 00:49:35,640 - __main__ - INFO - 正在将歌曲从 E 调转到 G
2025-04-18 00:49:35,745 - __main__ - INFO - Successfully rebuilt document: rebuilt.docx
2025-04-18 00:49:35,745 - __main__ - INFO - 文档重建完成，已保存至: rebuilt.docx
2025-04-18 00:52:00,574 - __main__ - INFO - 正在将歌曲从 E 调转到 G
2025-04-18 00:52:00,680 - __main__ - INFO - Successfully rebuilt document: rebuilt.docx
2025-04-18 00:52:00,680 - __main__ - INFO - 文档重建完成，已保存至: rebuilt.docx
2025-04-18 01:00:35,394 - __main__ - INFO - 正在将歌曲从 E 调转到 G
2025-04-18 01:00:35,498 - __main__ - INFO - Successfully rebuilt document: rebuilt.docx
2025-04-18 01:00:35,498 - __main__ - INFO - 文档重建完成，已保存至: rebuilt.docx
2025-04-18 01:00:49,114 - __main__ - INFO - Successfully parsed document: /Users/kexuen/Desktop/service/worship_team/pros/全為祢的國度 (Ekey).docx
2025-04-18 01:00:49,122 - __main__ - INFO - Successfully saved JSON to: output.json
2025-04-18 01:00:49,122 - __main__ - INFO - 文档解析完成，JSON文件已保存至: output.json
2025-04-18 01:00:50,854 - __main__ - INFO - 正在将歌曲从 E 调转到 G
2025-04-18 01:00:50,962 - __main__ - INFO - Successfully rebuilt document: rebuilt.docx
2025-04-18 01:00:50,962 - __main__ - INFO - 文档重建完成，已保存至: rebuilt.docx
2025-04-18 23:21:27,750 - __main__ - INFO - Successfully parsed document: /Users/kexuen/Desktop/service/worship_team/pros/全為祢的國度 (Ekey).docx
2025-04-18 23:21:27,759 - __main__ - INFO - Successfully saved JSON to: output.json
2025-04-18 23:21:27,759 - __main__ - INFO - 文档解析完成，JSON文件已保存至: output.json
2025-04-18 23:21:29,129 - __main__ - INFO - 正在将歌曲从 E 调转到 G
2025-04-18 23:21:29,243 - __main__ - INFO - Successfully rebuilt document: rebuilt.docx
2025-04-18 23:21:29,243 - __main__ - INFO - 文档重建完成，已保存至: rebuilt.docx
2025-04-18 23:22:00,839 - __main__ - INFO - Successfully rebuilt document: rebuilt.docx
2025-04-18 23:22:00,839 - __main__ - INFO - 文档重建完成，已保存至: rebuilt.docx
2025-04-18 23:22:48,350 - __main__ - INFO - 正在将歌曲从 E 调转到 G
2025-04-18 23:22:48,595 - __main__ - INFO - Successfully rebuilt document: rebuilt.docx
2025-04-18 23:22:48,595 - __main__ - INFO - 文档重建完成，已保存至: rebuilt.docx
